Determining if the pthread_create exist failed with the following output:
Change Dir: /home/vcoder/ros_ws/build/CMakeFiles/CMakeTmp

Run Build Command:/usr/bin/make "cmTryCompileExec2138080011/fast"
/usr/bin/make -f CMakeFiles/cmTryCompileExec2138080011.dir/build.make CMakeFiles/cmTryCompileExec2138080011.dir/build
make[1]: Entering directory `/home/vcoder/ros_ws/build/CMakeFiles/CMakeTmp'
/usr/bin/cmake -E cmake_progress_report /home/vcoder/ros_ws/build/CMakeFiles/CMakeTmp/CMakeFiles 1
Building C object CMakeFiles/cmTryCompileExec2138080011.dir/CheckSymbolExists.c.o
/usr/bin/cc    -o CMakeFiles/cmTryCompileExec2138080011.dir/CheckSymbolExists.c.o   -c /home/vcoder/ros_ws/build/CMakeFiles/CMakeTmp/CheckSymbolExists.c
Linking C executable cmTryCompileExec2138080011
/usr/bin/cmake -E cmake_link_script CMakeFiles/cmTryCompileExec2138080011.dir/link.txt --verbose=1
/usr/bin/cc       CMakeFiles/cmTryCompileExec2138080011.dir/CheckSymbolExists.c.o  -o cmTryCompileExec2138080011 -rdynamic 
CMakeFiles/cmTryCompileExec2138080011.dir/CheckSymbolExists.c.o: In function `main':
CheckSymbolExists.c:(.text+0x16): undefined reference to `pthread_create'
collect2: error: ld returned 1 exit status
make[1]: *** [cmTryCompileExec2138080011] Error 1
make[1]: Leaving directory `/home/vcoder/ros_ws/build/CMakeFiles/CMakeTmp'
make: *** [cmTryCompileExec2138080011/fast] Error 2

File /home/vcoder/ros_ws/build/CMakeFiles/CMakeTmp/CheckSymbolExists.c:
/* */
#include <pthread.h>

int main(int argc, char** argv)
{
  (void)argv;
#ifndef pthread_create
  return ((int*)(&pthread_create))[argc];
#else
  (void)argc;
  return 0;
#endif
}

Determining if the function pthread_create exists in the pthreads failed with the following output:
Change Dir: /home/vcoder/ros_ws/build/CMakeFiles/CMakeTmp

Run Build Command:/usr/bin/make "cmTryCompileExec130430450/fast"
/usr/bin/make -f CMakeFiles/cmTryCompileExec130430450.dir/build.make CMakeFiles/cmTryCompileExec130430450.dir/build
make[1]: Entering directory `/home/vcoder/ros_ws/build/CMakeFiles/CMakeTmp'
/usr/bin/cmake -E cmake_progress_report /home/vcoder/ros_ws/build/CMakeFiles/CMakeTmp/CMakeFiles 1
Building C object CMakeFiles/cmTryCompileExec130430450.dir/CheckFunctionExists.c.o
/usr/bin/cc   -DCHECK_FUNCTION_EXISTS=pthread_create   -o CMakeFiles/cmTryCompileExec130430450.dir/CheckFunctionExists.c.o   -c /usr/share/cmake-2.8/Modules/CheckFunctionExists.c
Linking C executable cmTryCompileExec130430450
/usr/bin/cmake -E cmake_link_script CMakeFiles/cmTryCompileExec130430450.dir/link.txt --verbose=1
/usr/bin/cc   -DCHECK_FUNCTION_EXISTS=pthread_create    CMakeFiles/cmTryCompileExec130430450.dir/CheckFunctionExists.c.o  -o cmTryCompileExec130430450 -rdynamic -lpthreads 
/usr/bin/ld: cannot find -lpthreads
collect2: error: ld returned 1 exit status
make[1]: *** [cmTryCompileExec130430450] Error 1
make[1]: Leaving directory `/home/vcoder/ros_ws/build/CMakeFiles/CMakeTmp'
make: *** [cmTryCompileExec130430450/fast] Error 2


